c:\users\ratna\source\repos\cpp adventures\cpp adventures\x64\debug\vc143.pdb
c:\users\ratna\source\repos\cpp adventures\cpp adventures\x64\debug\vc143.idb
c:\users\ratna\source\repos\cpp adventures\cpp adventures\x64\debug\vector.obj
c:\users\ratna\source\repos\cpp adventures\cpp adventures\x64\debug\threads.obj
c:\users\ratna\source\repos\cpp adventures\cpp adventures\x64\debug\smartpointers.obj
c:\users\ratna\source\repos\cpp adventures\cpp adventures\x64\debug\pointers.obj
c:\users\ratna\source\repos\cpp adventures\cpp adventures\x64\debug\main.obj
c:\users\ratna\source\repos\cpp adventures\cpp adventures\x64\debug\lambdas.obj
c:\users\ratna\source\repos\cpp adventures\cpp adventures\x64\debug\human.obj
c:\users\ratna\source\repos\cpp adventures\cpp adventures\x64\debug\event.obj
c:\users\ratna\source\repos\cpp adventures\cpp adventures\x64\debug\employee.obj
c:\users\ratna\source\repos\cpp adventures\cpp adventures\x64\debug\solution.obj
c:\users\ratna\source\repos\cpp adventures\x64\debug\cpp adventures.exe
c:\users\ratna\source\repos\cpp adventures\x64\debug\cpp adventures.pdb
c:\users\ratna\source\repos\cpp adventures\cpp adventures\x64\debug\cpp adventures.ilk
c:\users\ratna\source\repos\cpp adventures\cpp adventures\x64\debug\main.obj.enc
c:\users\ratna\source\repos\cpp adventures\cpp adventures\x64\debug\cpp adventures.tlog\cl.command.1.tlog
c:\users\ratna\source\repos\cpp adventures\cpp adventures\x64\debug\cpp adventures.tlog\cl.items.tlog
c:\users\ratna\source\repos\cpp adventures\cpp adventures\x64\debug\cpp adventures.tlog\cl.read.1.tlog
c:\users\ratna\source\repos\cpp adventures\cpp adventures\x64\debug\cpp adventures.tlog\cl.write.1.tlog
c:\users\ratna\source\repos\cpp adventures\cpp adventures\x64\debug\cpp adventures.tlog\link.command.1.tlog
c:\users\ratna\source\repos\cpp adventures\cpp adventures\x64\debug\cpp adventures.tlog\link.read.1.tlog
c:\users\ratna\source\repos\cpp adventures\cpp adventures\x64\debug\cpp adventures.tlog\link.secondary.1.tlog
c:\users\ratna\source\repos\cpp adventures\cpp adventures\x64\debug\cpp adventures.tlog\link.write.1.tlog
